<?xml version="1.0" encoding="UTF-8"?>
<testsuite name="HomeworkTest" tests="2" skipped="0" failures="0" errors="0" timestamp="2022-10-07T13:52:35" hostname="Harveens-MacBook-Pro-2.local" time="1.203">
  <properties/>
  <testcase name="findHomeworkBySubjectIdAndUserIdTest()" classname="HomeworkTest" time="1.194"/>
  <testcase name="findHomeworkByHwIdTest()" classname="HomeworkTest" time="0.005"/>
  <system-out><![CDATA[]]></system-out>
  <system-err><![CDATA[]]></system-err>
</testsuite>
